app/build/intermediates/manifest_merge_blame_file/debug/manifest-merger-blame-debug-report.txt
1<?xml version="1.0" encoding="utf-8"?>
2<manifest xmlns:android="http://schemas.android.com/apk/res/android"
3    package="com.own.weatherforcastapp"
4    android:versionCode="1"
5    android:versionName="1.0" >
6
7    <uses-sdk
8        android:minSdkVersion="23"
8-->src\main\AndroidManifest.xml
9        android:targetSdkVersion="29" />
9-->src\main\AndroidManifest.xml
10
11    <uses-permission android:name="android.permission.ACCESS_NETWORK_STATE" />
11-->src\main\AndroidManifest.xml:5:5-79
11-->src\main\AndroidManifest.xml:5:22-76
12    <uses-permission android:name="android.permission.INTERNET" />
12-->src\main\AndroidManifest.xml:6:5-67
12-->src\main\AndroidManifest.xml:6:22-64
13
14    <application
14-->src\main\AndroidManifest.xml:9:5-37:19
15        android:name="com.own.weatherforcastapp.WeatherForecastApplication"
15-->src\main\AndroidManifest.xml:10:9-51
16        android:allowBackup="true"
16-->src\main\AndroidManifest.xml:11:9-35
17        android:appComponentFactory="androidx.core.app.CoreComponentFactory"
17-->[androidx.core:core:1.1.0] AndroidManifest.xml:24:18-86
18        android:debuggable="true"
19        android:icon="@mipmap/ic_launcher"
19-->src\main\AndroidManifest.xml:12:9-43
20        android:label="@string/app_name"
20-->src\main\AndroidManifest.xml:13:9-41
21        android:roundIcon="@mipmap/ic_launcher_round"
21-->src\main\AndroidManifest.xml:14:9-54
22        android:supportsRtl="true"
22-->src\main\AndroidManifest.xml:15:9-35
23        android:testOnly="true"
24        android:theme="@style/AppTheme" >
24-->src\main\AndroidManifest.xml:16:9-40
25        <activity
25-->src\main\AndroidManifest.xml:18:9-30:20
26            android:name="com.own.weatherforcastapp.ui.splash.SplashActivity"
26-->src\main\AndroidManifest.xml:19:13-53
27            android:noHistory="true"
27-->src\main\AndroidManifest.xml:20:13-37
28            android:screenOrientation="portrait"
28-->src\main\AndroidManifest.xml:21:13-49
29            android:theme="@style/AppTheme.NoActionBar.Splash" >
29-->src\main\AndroidManifest.xml:22:13-63
30            <intent-filter>
30-->src\main\AndroidManifest.xml:23:13-28:29
31                <action android:name="android.intent.action.MAIN" />
31-->src\main\AndroidManifest.xml:24:17-69
31-->src\main\AndroidManifest.xml:24:25-66
32                <action android:name="android.intent.action.VIEW" />
32-->src\main\AndroidManifest.xml:25:17-69
32-->src\main\AndroidManifest.xml:25:25-66
33
34                <category android:name="android.intent.category.LAUNCHER" />
34-->src\main\AndroidManifest.xml:27:17-77
34-->src\main\AndroidManifest.xml:27:27-74
35            </intent-filter>
36        </activity>
37        <activity
37-->src\main\AndroidManifest.xml:32:9-35:59
38            android:name="com.own.weatherforcastapp.ui.main.MainActivity"
38-->src\main\AndroidManifest.xml:33:13-49
39            android:screenOrientation="portrait"
39-->src\main\AndroidManifest.xml:34:13-49
40            android:theme="@style/AppTheme.NoActionBar" />
40-->src\main\AndroidManifest.xml:35:13-56
41
42        <provider
42-->[androidx.lifecycle:lifecycle-process:2.0.0] AndroidManifest.xml:23:9-27:43
43            android:name="androidx.lifecycle.ProcessLifecycleOwnerInitializer"
43-->[androidx.lifecycle:lifecycle-process:2.0.0] AndroidManifest.xml:24:13-79
44            android:authorities="com.own.weatherforcastapp.lifecycle-process"
44-->[androidx.lifecycle:lifecycle-process:2.0.0] AndroidManifest.xml:25:13-69
45            android:exported="false"
45-->[androidx.lifecycle:lifecycle-process:2.0.0] AndroidManifest.xml:26:13-37
46            android:multiprocess="true" />
46-->[androidx.lifecycle:lifecycle-process:2.0.0] AndroidManifest.xml:27:13-40
47    </application>
48
49</manifest>